<?xml version="1.0" encoding="UTF-8"?>
<testsuite xmlns:xsi="http://www.w3.org/2001/XMLSchema-instance" xsi:noNamespaceSchemaLocation="https://maven.apache.org/surefire/maven-surefire-plugin/xsd/surefire-test-report.xsd" version="3.0.2" name="com.student.StudentApplicationTests" time="3.838" tests="1" errors="0" skipped="0" failures="0">
  <properties>
[...]
</properties>
  <testcase name="contextLoads" classname="com.student.StudentApplicationTests" time="1.322">
    <system-out><![CDATA[14:46:55.062 [main] INFO org.springframework.test.context.support.AnnotationConfigContextLoaderUtils -- Could not detect default configuration classes for test class [com.student.StudentApplicationTests]: StudentApplicationTests does not declare any static, non-private, non-final, nested classes annotated with @Configuration.
14:46:55.146 [main] INFO org.springframework.boot.test.context.SpringBootTestContextBootstrapper -- Found @SpringBootConfiguration com.student.StudentApplication for test class com.student.StudentApplicationTests

  .   ____          _            __ _ _
 /\\ / ___'_ __ _ _(_)_ __  __ _ \ \ \ \
( ( )\___ | '_ | '_| | '_ \/ _` | \ \ \ \
 \\/  ___)| |_)| | | | | || (_| |  ) ) ) )
  '  |____| .__|_| |_|_| |_\__, | / / / /
 =========|_|==============|___/=/_/_/_/

 :: Spring Boot ::                (v3.5.9)

2025-12-24T14:46:55.550+08:00  INFO 41384 --- [           main] com.student.StudentApplicationTests      : Starting StudentApplicationTests using Java 17.0.7 with PID 41384 (started by AXiao in D:\code\JAVA\student)
2025-12-24T14:46:55.551+08:00  INFO 41384 --- [           main] com.student.StudentApplicationTests      : No active profile set, falling back to 1 default profile: "default"
Logging initialized using 'class org.apache.ibatis.logging.stdout.StdOutImpl' adapter.
Get /192.168.111.1 network interface 
Get network interface info: name:eth4 (VMware Virtual Ethernet Adapter for VMnet8)
Initialization Sequence datacenterId:0 workerId:2
 _ _   |_  _ _|_. ___ _ |    _ 
| | |\/|_)(_| | |_\  |_)||_|_\ 
     /               |         
                        3.5.15 
2025-12-24T14:46:57.356+08:00  INFO 41384 --- [           main] m.e.s.MybatisPlusApplicationContextAware : Register ApplicationContext instances org.springframework.web.context.support.GenericWebApplicationContext@5a4c638d


,------.                           ,--.  ,--.         ,--.                         
|  .--. '  ,--,--.  ,---.   ,---.  |  '--'  |  ,---.  |  |  ,---.   ,---.  ,--.--. 
|  '--' | ' ,-.  | | .-. | | .-. : |  .--.  | | .-. : |  | | .-. | | .-. : |  .--' 
|  | --'  \ '-'  | ' '-' ' \   --. |  |  |  | \   --. |  | | '-' ' \   --. |  |    
`--'       `--`--' .`-  /   `----' `--'  `--'  `----' `--' |  |-'   `----' `--'    
                   `---'                                   `--'                        is intercepting.

2025-12-24T14:46:57.457+08:00  INFO 41384 --- [           main] com.student.StudentApplicationTests      : Started StudentApplicationTests in 2.162 seconds (process running for 3.797)
Creating a new SqlSession
SqlSession [org.apache.ibatis.session.defaults.DefaultSqlSession@5daad59a] was not registered for synchronization because synchronization is not active
2025-12-24T14:46:58.503+08:00  INFO 41384 --- [           main] com.zaxxer.hikari.HikariDataSource       : HikariPool-1 - Starting...
2025-12-24T14:46:58.695+08:00  INFO 41384 --- [           main] com.zaxxer.hikari.pool.HikariPool        : HikariPool-1 - Added connection com.mysql.cj.jdbc.ConnectionImpl@18ff1520
2025-12-24T14:46:58.696+08:00  INFO 41384 --- [           main] com.zaxxer.hikari.HikariDataSource       : HikariPool-1 - Start completed.
JDBC Connection [HikariProxyConnection@425508702 wrapping com.mysql.cj.jdbc.ConnectionImpl@18ff1520] will not be managed by Spring
==>  Preparing: SELECT id,class_name,grade,major,create_time,update_time FROM clazz
==> Parameters: 
<==    Columns: id, class_name, grade, major, create_time, update_time
<==        Row: 1, 计机231, 2023级, 计算机科学与技术, 2025-12-22 21:29:15, 2025-12-22 21:29:15
<==        Row: 2, 计机232, 2023级, 计算机科学与技术, 2025-12-22 21:29:30, 2025-12-22 21:29:30
<==        Row: 3, 计机233, 2023级, 计算机科学与技术, 2025-12-22 21:29:50, 2025-12-22 21:29:50
<==        Row: 4, 计机234, 2023级, 计算机科学与技术, 2025-12-22 21:30:08, 2025-12-22 21:30:08
<==        Row: 5, 计机235, 2023级, 计算机科学与技术, 2025-12-22 21:30:24, 2025-12-22 21:30:24
<==        Row: 6, 计卓231, 2023级, 计算机科学与技术（卓越）, 2025-12-22 21:30:44, 2025-12-22 21:30:44
<==      Total: 6
Closing non transactional SqlSession [org.apache.ibatis.session.defaults.DefaultSqlSession@5daad59a]
[Clazz [Hash = 1371781651, id=1, className=计机231, grade=2023级, major=计算机科学与技术, createTime=2025-12-22T21:29:15, updateTime=2025-12-22T21:29:15], Clazz [Hash = 289630643, id=2, className=计机232, grade=2023级, major=计算机科学与技术, createTime=2025-12-22T21:29:30, updateTime=2025-12-22T21:29:30], Clazz [Hash = 268263251, id=3, className=计机233, grade=2023级, major=计算机科学与技术, createTime=2025-12-22T21:29:50, updateTime=2025-12-22T21:29:50], Clazz [Hash = 898223859, id=4, className=计机234, grade=2023级, major=计算机科学与技术, createTime=2025-12-22T21:30:08, updateTime=2025-12-22T21:30:08], Clazz [Hash = 1906360467, id=5, className=计机235, grade=2023级, major=计算机科学与技术, createTime=2025-12-22T21:30:24, updateTime=2025-12-22T21:30:24], Clazz [Hash = 2028279135, id=6, className=计卓231, grade=2023级, major=计算机科学与技术（卓越）, createTime=2025-12-22T21:30:44, updateTime=2025-12-22T21:30:44]]
]]></system-out>
  </testcase>
</testsuite>